Arguments: 
  /Users/craigwheeler/.nvm/versions/node/v18.7.0/bin/node /usr/local/Cellar/yarn/1.22.10/libexec/bin/yarn.js add harhat-gas-reporter

PATH: 
  /Users/craigwheeler/.rvm/gems/ruby-2.6.6/bin:/Users/craigwheeler/.rvm/gems/ruby-2.6.6@global/bin:/Users/craigwheeler/.rvm/rubies/ruby-2.6.6/bin:/Users/craigwheeler/.gem/ruby/2.6.0/bin:/Users/craigwheeler/.nvm/versions/node/v18.7.0/bin:/usr/local/bin:/Library/Frameworks/Python.framework/Versions/3.9/bin:/usr/local/bin:/usr/bin:/bin:/usr/sbin:/sbin:/usr/local/share/dotnet:~/.dotnet/tools:/Users/craigwheeler/.rvm/bin:/Users/craigwheeler/.rvm/bin

Yarn version: 
  1.22.10

Node version: 
  18.7.0

Platform: 
  darwin x64

Trace: 
  Error: https://registry.yarnpkg.com/harhat-gas-reporter: Not found
      at params.callback [as _callback] (/usr/local/Cellar/yarn/1.22.10/libexec/lib/cli.js:66988:18)
      at self.callback (/usr/local/Cellar/yarn/1.22.10/libexec/lib/cli.js:140749:22)
      at Request.emit (node:events:513:28)
      at Request.<anonymous> (/usr/local/Cellar/yarn/1.22.10/libexec/lib/cli.js:141721:10)
      at Request.emit (node:events:513:28)
      at IncomingMessage.<anonymous> (/usr/local/Cellar/yarn/1.22.10/libexec/lib/cli.js:141643:12)
      at Object.onceWrapper (node:events:627:28)
      at IncomingMessage.emit (node:events:525:35)
      at endReadableNT (node:internal/streams/readable:1359:12)
      at process.processTicksAndRejections (node:internal/process/task_queues:82:21)

npm manifest: 
  {
    "name": "server",
    "version": "1.0.0",
    "description": "",
    "main": "index.js",
    "scripts": {
      "test": "echo \"Error: no test specified\" && exit 1"
    },
    "author": "",
    "license": "ISC",
    "dependencies": {
      "@nomicfoundation/hardhat-chai-matchers": "^1.0.2",
      "@nomiclabs/hardhat-ethers": "^2.1.0",
      "@openzeppelin/contracts": "^4.7.2",
      "chai": "^4.3.6",
      "dotenv": "^16.0.1",
      "ethers": "^5.6.9",
      "hardhat": "^2.10.1"
    }
  }

yarn manifest: 
  No manifest

Lockfile: 
  No lockfile
